<?xml version="1.0" encoding="utf-8" ?>
<testsuites tests="3" failures="1" time="0.425">
  <testsuite name="test/test_calculator" tests="3" failures="1" skipped="0" errors="0" time="0.425">
    <testcase name="test_add" time="0.000"/>
    <testcase name="test_multiply" time="0.000"/>
    <testcase name="test_subtract" time="0.000">
      <failure message="Expected 2 Was -1" />
    </testcase>
    <system-out>
libgcov profiling error:/cygdrive/d/ceedling_proj/calculator/build/gcov/out/test_calculator/calculator.gcda:overwriting an existing profile data with a different timestamp
    </system-out>
  </testsuite>
</testsuites>
