<?xml version="1.0" encoding="utf-8" ?>
<testsuites tests="5" failures="0" time="0.425">
  <testsuite name="test/test_calculator" tests="4" failures="0" skipped="0" errors="0" time="0.190">
    <testcase name="test_add" time="0.000"/>
    <testcase name="test_subtract" time="0.000"/>
    <testcase name="test_multiply" time="0.000"/>
    <testcase name="test_divide" time="0.000"/>
    <system-out>
libgcov profiling error:/cygdrive/d/ceedling_proj/calculator/build/gcov/out/test_calculator/calculator.gcda:overwriting an existing profile data with a different timestamp
    </system-out>
  </testsuite>
  <testsuite name="test/test_statistics_integration" tests="1" failures="0" skipped="0" errors="0" time="0.235">
    <testcase name="test_average" time="0.000"/>
    <system-out>
libgcov profiling error:/cygdrive/d/ceedling_proj/calculator/build/gcov/out/test_statistics_integration/statistics.gcda:overwriting an existing profile data with a different timestamp
libgcov profiling error:/cygdrive/d/ceedling_proj/calculator/build/gcov/out/test_statistics_integration/calculator.gcda:overwriting an existing profile data with a different timestamp
    </system-out>
  </testsuite>
</testsuites>
