<?xml version='1.0' encoding='utf-8'?>
<!DOCTYPE coverage SYSTEM 'http://cobertura.sourceforge.net/xml/coverage-04.dtd'>
<coverage line-rate="1.0" branch-rate="1.0" lines-covered="15" lines-valid="15" branches-covered="0" branches-valid="0" complexity="0.0" timestamp="1780654259" version="gcovr 8.6"><sources><source>C:/ProgramData/Jenkins/.jenkins/workspace/Ceedling</source></sources><packages><package name="src" line-rate="1.0" branch-rate="1.0" complexity="0.0"><classes><class name="calculator_c" filename="src/calculator.c" line-rate="1.0" branch-rate="1.0" complexity="0.0"><methods><method name="add" signature="" line-rate="1.0" branch-rate="1.0" complexity="0.0"><lines><line number="3" hits="2" branch="false"/><line number="5" hits="2" branch="false"/></lines></method><method name="subtract" signature="" line-rate="1.0" branch-rate="1.0" complexity="0.0"><lines><line number="9" hits="1" branch="false"/><line number="11" hits="1" branch="false"/></lines></method><method name="multiply" signature="" line-rate="1.0" branch-rate="1.0" complexity="0.0"><lines><line number="15" hits="1" branch="false"/><line number="17" hits="1" branch="false"/></lines></method><method name="divide" signature="" line-rate="1.0" branch-rate="1.0" complexity="0.0"><lines><line number="20" hits="2" branch="false"/><line number="22" hits="2" branch="false"/></lines></method></methods><lines><line number="3" hits="2" branch="false"/><line number="5" hits="2" branch="false"/><line number="9" hits="1" branch="false"/><line number="11" hits="1" branch="false"/><line number="15" hits="1" branch="false"/><line number="17" hits="1" branch="false"/><line number="20" hits="2" branch="false"/><line number="22" hits="2" branch="false"/></lines></class><class name="statistics_c" filename="src/statistics.c" line-rate="1.0" branch-rate="1.0" complexity="0.0"><methods><method name="average" signature="" line-rate="1.0" branch-rate="1.0" complexity="0.0"><lines><line number="4" hits="1" branch="false"/><line number="6" hits="1" branch="false"/><line number="7" hits="1" branch="false"/></lines></method></methods><lines><line number="4" hits="1" branch="false"/><line number="6" hits="1" branch="false"/><line number="7" hits="1" branch="false"/></lines></class><class name="temperature_c" filename="src/temperature.c" line-rate="1.0" branch-rate="1.0" complexity="0.0"><methods><method name="celsius_to_fahrenheit" signature="" line-rate="1.0" branch-rate="1.0" complexity="0.0"><lines><line number="3" hits="2" branch="false"/><line number="5" hits="2" branch="false"/></lines></method><method name="fahrenheit_to_celsius" signature="" line-rate="1.0" branch-rate="1.0" complexity="0.0"><lines><line number="8" hits="2" branch="false"/><line number="10" hits="2" branch="false"/></lines></method></methods><lines><line number="3" hits="2" branch="false"/><line number="5" hits="2" branch="false"/><line number="8" hits="2" branch="false"/><line number="10" hits="2" branch="false"/></lines></class></classes></package></packages></coverage>